# JRE version: OpenJDK Runtime Environment (11.0.6+10) (build 11.0.6+10-LTS)
# Java VM: OpenJDK 64-Bit Server VM (11.0.6+10-LTS, mixed mode, tiered, compressed oops, g1 gc, windows-amd64)
Heap:
 garbage-first heap   total 157696K, used 22256K [0x0000000081200000, 0x0000000100000000)
  region size 1024K, 10 young (10240K), 10 survivors (10240K)
 Metaspace       used 41047K, capacity 41837K, committed 42012K, reserved 1087488K
  class space    used 4416K, capacity 4683K, committed 4812K, reserved 1048576K
GC Heap History (13 events):
Event: 1.425 GC heap before
{Heap before GC invocations=0 (full 0):
 garbage-first heap   total 131072K, used 13312K [0x0000000081200000, 0x0000000100000000)
  region size 1024K, 14 young (14336K), 0 survivors (0K)
 Metaspace       used 11527K, capacity 11744K, committed 12032K, reserved 1060864K
  class space    used 1089K, capacity 1171K, committed 1280K, reserved 1048576K
}
Event: 1.434 GC heap after
{Heap after GC invocations=1 (full 0):
 garbage-first heap   total 131072K, used 3563K [0x0000000081200000, 0x0000000100000000)
  region size 1024K, 2 young (2048K), 2 survivors (2048K)
 Metaspace       used 11527K, capacity 11744K, committed 12032K, reserved 1060864K
  class space    used 1089K, capacity 1171K, committed 1280K, reserved 1048576K
}
Event: 1.610 GC heap before
{Heap before GC invocations=1 (full 0):
 garbage-first heap   total 131072K, used 9707K [0x0000000081200000, 0x0000000100000000)
  region size 1024K, 8 young (8192K), 2 survivors (2048K)
 Metaspace       used 13212K, capacity 13452K, committed 13696K, reserved 1060864K
  class space    used 1308K, capacity 1399K, committed 1408K, reserved 1048576K
}
Event: 1.615 GC heap after
{Heap after GC invocations=2 (full 0):
 garbage-first heap   total 131072K, used 3823K [0x0000000081200000, 0x0000000100000000)
  region size 1024K, 1 young (1024K), 1 survivors (1024K)
 Metaspace       used 13212K, capacity 13452K, committed 13696K, reserved 1060864K
  class space    used 1308K, capacity 1399K, committed 1408K, reserved 1048576K
}
Event: 2.102 GC heap before
{Heap before GC invocations=2 (full 0):
 garbage-first heap   total 131072K, used 28399K [0x0000000081200000, 0x0000000100000000)
  region size 1024K, 25 young (25600K), 1 survivors (1024K)
 Metaspace       used 15597K, capacity 15890K, committed 16128K, reserved 1062912K
  class space    used 1606K, capacity 1695K, committed 1792K, reserved 1048576K
}
Event: 2.104 GC heap after
{Heap after GC invocations=3 (full 0):
 garbage-first heap   total 131072K, used 4619K [0x0000000081200000, 0x0000000100000000)
  region size 1024K, 2 young (2048K), 2 survivors (2048K)
 Metaspace       used 15597K, capacity 15890K, committed 16128K, reserved 1062912K
  class space    used 1606K, capacity 1695K, committed 1792K, reserved 1048576K
}
Event: 3.124 GC heap before
{Heap before GC invocations=3 (full 0):
 garbage-first heap   total 131072K, used 36363K [0x0000000081200000, 0x0000000100000000)
  region size 1024K, 34 young (34816K), 2 survivors (2048K)
 Metaspace       used 20839K, capacity 21112K, committed 21296K, reserved 1069056K
  class space    used 2238K, capacity 2355K, committed 2432K, reserved 1048576K
}
Event: 3.135 GC heap after
{Heap after GC invocations=4 (full 0):
 garbage-first heap   total 131072K, used 6677K [0x0000000081200000, 0x0000000100000000)
  region size 1024K, 4 young (4096K), 4 survivors (4096K)
 Metaspace       used 20839K, capacity 21112K, committed 21296K, reserved 1069056K
  class space    used 2238K, capacity 2355K, committed 2432K, reserved 1048576K
}
Event: 6.105 GC heap before
{Heap before GC invocations=5 (full 0):
 garbage-first heap   total 131072K, used 80405K [0x0000000081200000, 0x0000000100000000)
  region size 1024K, 76 young (77824K), 4 survivors (4096K)
 Metaspace       used 29599K, capacity 30124K, committed 30256K, reserved 1077248K
  class space    used 3223K, capacity 3430K, committed 3456K, reserved 1048576K
}
Event: 6.119 GC heap after
{Heap after GC invocations=6 (full 0):
 garbage-first heap   total 131072K, used 12072K [0x0000000081200000, 0x0000000100000000)
  region size 1024K, 9 young (9216K), 9 survivors (9216K)
 Metaspace       used 29599K, capacity 30124K, committed 30256K, reserved 1077248K
  class space    used 3223K, capacity 3430K, committed 3456K, reserved 1048576K
}
Event: 7.843 GC heap before
{Heap before GC invocations=6 (full 0):
 garbage-first heap   total 131072K, used 61224K [0x0000000081200000, 0x0000000100000000)
  region size 1024K, 57 young (58368K), 9 survivors (9216K)
 Metaspace       used 35354K, capacity 35855K, committed 35920K, reserved 1081344K
  class space    used 3891K, capacity 4063K, committed 4096K, reserved 1048576K
}
Event: 7.865 GC heap after
{Heap after GC invocations=7 (full 0):
 garbage-first heap   total 131072K, used 15266K [0x0000000081200000, 0x0000000100000000)
  region size 1024K, 4 young (4096K), 4 survivors (4096K)
 Metaspace       used 35354K, capacity 35855K, committed 35920K, reserved 1081344K
  class space    used 3891K, capacity 4063K, committed 4096K, reserved 1048576K
}
Event: 10.531 GC heap before
{Heap before GC invocations=8 (full 0):
 garbage-first heap   total 131072K, used 91042K [0x0000000081200000, 0x0000000100000000)
  region size 1024K, 76 young (77824K), 4 survivors (4096K)
 Metaspace       used 41047K, capacity 41837K, committed 42012K, reserved 1087488K
  class space    used 4416K, capacity 4683K, committed 4812K, reserved 1048576K
}

